# JRE version: OpenJDK Runtime Environment Temurin-21.0.8+9 (21.0.8+9) (build 21.0.8+9-LTS)
# Java VM: OpenJDK 64-Bit Server VM Temurin-21.0.8+9 (21.0.8+9-LTS, mixed mode, sharing, tiered, compressed oops, compressed class ptrs, parallel gc, windows-amd64)
GC Precious Log:
 CardTable entry size: 512
 CPUs: 4 total, 4 available
 Memory: 16323M
 Large Page Support: Disabled
 NUMA Support: Disabled
 Compressed Oops: Enabled (32-bit)
 Alignments: Space 512K, Generation 512K, Heap 2M
 Heap Min Capacity: 100M
 Heap Initial Capacity: 100M
 Heap Max Capacity: 2G
 Pre-touch: Disabled
 Parallel Workers: 4
Heap:
 PSYoungGen      total 9728K, used 3072K [0x00000000d5580000, 0x00000000d6280000, 0x0000000100000000)
  eden space 8704K, 31% used [0x00000000d5580000,0x00000000d58382f8,0x00000000d5e00000)
  from space 1024K, 28% used [0x00000000d6080000,0x00000000d60c8020,0x00000000d6180000)
  to   space 512K, 0% used [0x00000000d6200000,0x00000000d6200000,0x00000000d6280000)
 ParOldGen       total 782336K, used 782187K [0x0000000080000000, 0x00000000afc00000, 0x00000000d5580000)
  object space 782336K, 99% used [0x0000000080000000,0x00000000afbdadd8,0x00000000afc00000)
 Metaspace       used 76842K, committed 78336K, reserved 1179648K
  class space    used 8303K, committed 8896K, reserved 1048576K
GC Heap History (20 events):
Event: 239.380 GC heap before
{Heap before GC invocations=841 (full 3):
 PSYoungGen      total 12288K, used 9474K [0x00000000d5580000, 0x00000000d6580000, 0x0000000100000000)
  eden space 8704K, 100% used [0x00000000d5580000,0x00000000d5e00000,0x00000000d5e00000)
  from space 3584K, 21% used [0x00000000d5f80000,0x00000000d6040b90,0x00000000d6300000)
  to   space 1536K, 0% used [0x00000000d6400000,0x00000000d6400000,0x00000000d6580000)
 ParOldGen       total 775680K, used 775627K [0x0000000080000000, 0x00000000af580000, 0x00000000d5580000)
  object space 775680K, 99% used [0x0000000080000000,0x00000000af572e98,0x00000000af580000)
 Metaspace       used 70586K, committed 72000K, reserved 1114112K
  class space    used 7470K, committed 8064K, reserved 1048576K
}
Event: 239.383 GC heap after
{Heap after GC invocations=841 (full 3):
 PSYoungGen      total 9728K, used 768K [0x00000000d5580000, 0x00000000d6500000, 0x0000000100000000)
  eden space 8704K, 0% used [0x00000000d5580000,0x00000000d5580000,0x00000000d5e00000)
  from space 1024K, 75% used [0x00000000d6400000,0x00000000d64c0000,0x00000000d6500000)
  to   space 1024K, 0% used [0x00000000d6300000,0x00000000d6300000,0x00000000d6400000)
 ParOldGen       total 776192K, used 776094K [0x0000000080000000, 0x00000000af600000, 0x00000000d5580000)
  object space 776192K, 99% used [0x0000000080000000,0x00000000af5e7b00,0x00000000af600000)
 Metaspace       used 70586K, committed 72000K, reserved 1114112K
  class space    used 7470K, committed 8064K, reserved 1048576K
}
Event: 239.613 GC heap before
{Heap before GC invocations=842 (full 3):
 PSYoungGen      total 9728K, used 9395K [0x00000000d5580000, 0x00000000d6500000, 0x0000000100000000)
  eden space 8704K, 99% used [0x00000000d5580000,0x00000000d5deccd0,0x00000000d5e00000)
  from space 1024K, 75% used [0x00000000d6400000,0x00000000d64c0000,0x00000000d6500000)
  to   space 1024K, 0% used [0x00000000d6300000,0x00000000d6300000,0x00000000d6400000)
 ParOldGen       total 776192K, used 776094K [0x0000000080000000, 0x00000000af600000, 0x00000000d5580000)
  object space 776192K, 99% used [0x0000000080000000,0x00000000af5e7b00,0x00000000af600000)
 Metaspace       used 71290K, committed 72704K, reserved 1114112K
  class space    used 7550K, committed 8128K, reserved 1048576K
}
Event: 239.615 GC heap after
{Heap after GC invocations=842 (full 3):
 PSYoungGen      total 9216K, used 416K [0x00000000d5580000, 0x00000000d6480000, 0x0000000100000000)
  eden space 8704K, 0% used [0x00000000d5580000,0x00000000d5580000,0x00000000d5e00000)
  from space 512K, 81% used [0x00000000d6300000,0x00000000d6368000,0x00000000d6380000)
  to   space 1024K, 0% used [0x00000000d6380000,0x00000000d6380000,0x00000000d6480000)
 ParOldGen       total 776704K, used 776679K [0x0000000080000000, 0x00000000af680000, 0x00000000d5580000)
  object space 776704K, 99% used [0x0000000080000000,0x00000000af679f10,0x00000000af680000)
 Metaspace       used 71290K, committed 72704K, reserved 1114112K
  class space    used 7550K, committed 8128K, reserved 1048576K
}
Event: 240.538 GC heap before
{Heap before GC invocations=843 (full 3):
 PSYoungGen      total 9216K, used 9120K [0x00000000d5580000, 0x00000000d6480000, 0x0000000100000000)
  eden space 8704K, 100% used [0x00000000d5580000,0x00000000d5e00000,0x00000000d5e00000)
  from space 512K, 81% used [0x00000000d6300000,0x00000000d6368000,0x00000000d6380000)
  to   space 1024K, 0% used [0x00000000d6380000,0x00000000d6380000,0x00000000d6480000)
 ParOldGen       total 776704K, used 776679K [0x0000000080000000, 0x00000000af680000, 0x00000000d5580000)
  object space 776704K, 99% used [0x0000000080000000,0x00000000af679f10,0x00000000af680000)
 Metaspace       used 71708K, committed 73216K, reserved 1114112K
  class space    used 7599K, committed 8192K, reserved 1048576K
}
Event: 240.541 GC heap after
{Heap after GC invocations=843 (full 3):
 PSYoungGen      total 9216K, used 315K [0x00000000d5580000, 0x00000000d6400000, 0x0000000100000000)
  eden space 8704K, 0% used [0x00000000d5580000,0x00000000d5580000,0x00000000d5e00000)
  from space 512K, 61% used [0x00000000d6380000,0x00000000d63ced10,0x00000000d6400000)
  to   space 512K, 0% used [0x00000000d6300000,0x00000000d6300000,0x00000000d6380000)
 ParOldGen       total 777216K, used 777079K [0x0000000080000000, 0x00000000af700000, 0x00000000d5580000)
  object space 777216K, 99% used [0x0000000080000000,0x00000000af6ddf10,0x00000000af700000)
 Metaspace       used 71708K, committed 73216K, reserved 1114112K
  class space    used 7599K, committed 8192K, reserved 1048576K
}
Event: 241.075 GC heap before
{Heap before GC invocations=844 (full 3):
 PSYoungGen      total 9216K, used 9019K [0x00000000d5580000, 0x00000000d6400000, 0x0000000100000000)
  eden space 8704K, 100% used [0x00000000d5580000,0x00000000d5e00000,0x00000000d5e00000)
  from space 512K, 61% used [0x00000000d6380000,0x00000000d63ced10,0x00000000d6400000)
  to   space 512K, 0% used [0x00000000d6300000,0x00000000d6300000,0x00000000d6380000)
 ParOldGen       total 777216K, used 777079K [0x0000000080000000, 0x00000000af700000, 0x00000000d5580000)
  object space 777216K, 99% used [0x0000000080000000,0x00000000af6ddf10,0x00000000af700000)
 Metaspace       used 72910K, committed 74368K, reserved 1179648K
  class space    used 7724K, committed 8320K, reserved 1048576K
}
Event: 241.077 GC heap after
{Heap after GC invocations=844 (full 3):
 PSYoungGen      total 9216K, used 305K [0x00000000d5580000, 0x00000000d6400000, 0x0000000100000000)
  eden space 8704K, 0% used [0x00000000d5580000,0x00000000d5580000,0x00000000d5e00000)
  from space 512K, 59% used [0x00000000d6300000,0x00000000d634c5d0,0x00000000d6380000)
  to   space 512K, 0% used [0x00000000d6380000,0x00000000d6380000,0x00000000d6400000)
 ParOldGen       total 777728K, used 777295K [0x0000000080000000, 0x00000000af780000, 0x00000000d5580000)
  object space 777728K, 99% used [0x0000000080000000,0x00000000af713f20,0x00000000af780000)
 Metaspace       used 72910K, committed 74368K, reserved 1179648K
  class space    used 7724K, committed 8320K, reserved 1048576K
}
Event: 241.302 GC heap before
{Heap before GC invocations=845 (full 3):
 PSYoungGen      total 9216K, used 9009K [0x00000000d5580000, 0x00000000d6400000, 0x0000000100000000)
  eden space 8704K, 100% used [0x00000000d5580000,0x00000000d5e00000,0x00000000d5e00000)
  from space 512K, 59% used [0x00000000d6300000,0x00000000d634c5d0,0x00000000d6380000)
  to   space 512K, 0% used [0x00000000d6380000,0x00000000d6380000,0x00000000d6400000)
 ParOldGen       total 777728K, used 777295K [0x0000000080000000, 0x00000000af780000, 0x00000000d5580000)
  object space 777728K, 99% used [0x0000000080000000,0x00000000af713f20,0x00000000af780000)
 Metaspace       used 73788K, committed 75264K, reserved 1179648K
  class space    used 7890K, committed 8512K, reserved 1048576K
}
Event: 241.305 GC heap after
{Heap after GC invocations=845 (full 3):
 PSYoungGen      total 9216K, used 288K [0x00000000d5580000, 0x00000000d6400000, 0x0000000100000000)
  eden space 8704K, 0% used [0x00000000d5580000,0x00000000d5580000,0x00000000d5e00000)
  from space 512K, 56% used [0x00000000d6380000,0x00000000d63c8020,0x00000000d6400000)
  to   space 512K, 0% used [0x00000000d6300000,0x00000000d6300000,0x00000000d6380000)
 ParOldGen       total 777728K, used 777510K [0x0000000080000000, 0x00000000af780000, 0x00000000d5580000)
  object space 777728K, 99% used [0x0000000080000000,0x00000000af749b08,0x00000000af780000)
 Metaspace       used 73788K, committed 75264K, reserved 1179648K
  class space    used 7890K, committed 8512K, reserved 1048576K
}
Event: 248.072 GC heap before
{Heap before GC invocations=846 (full 3):
 PSYoungGen      total 9216K, used 8992K [0x00000000d5580000, 0x00000000d6400000, 0x0000000100000000)
  eden space 8704K, 100% used [0x00000000d5580000,0x00000000d5e00000,0x00000000d5e00000)
  from space 512K, 56% used [0x00000000d6380000,0x00000000d63c8020,0x00000000d6400000)
  to   space 512K, 0% used [0x00000000d6300000,0x00000000d6300000,0x00000000d6380000)
 ParOldGen       total 777728K, used 777510K [0x0000000080000000, 0x00000000af780000, 0x00000000d5580000)
  object space 777728K, 99% used [0x0000000080000000,0x00000000af749b08,0x00000000af780000)
 Metaspace       used 74842K, committed 76416K, reserved 1179648K
  class space    used 8046K, committed 8704K, reserved 1048576K
}
Event: 248.075 GC heap after
{Heap after GC invocations=846 (full 3):
 PSYoungGen      total 9216K, used 352K [0x00000000d5580000, 0x00000000d6400000, 0x0000000100000000)
  eden space 8704K, 0% used [0x00000000d5580000,0x00000000d5580000,0x00000000d5e00000)
  from space 512K, 68% used [0x00000000d6300000,0x00000000d6358000,0x00000000d6380000)
  to   space 512K, 0% used [0x00000000d6380000,0x00000000d6380000,0x00000000d6400000)
 ParOldGen       total 777728K, used 777662K [0x0000000080000000, 0x00000000af780000, 0x00000000d5580000)
  object space 777728K, 99% used [0x0000000080000000,0x00000000af76fb38,0x00000000af780000)
 Metaspace       used 74842K, committed 76416K, reserved 1179648K
  class space    used 8046K, committed 8704K, reserved 1048576K
}
Event: 248.257 GC heap before
{Heap before GC invocations=847 (full 3):
 PSYoungGen      total 9216K, used 9056K [0x00000000d5580000, 0x00000000d6400000, 0x0000000100000000)
  eden space 8704K, 100% used [0x00000000d5580000,0x00000000d5e00000,0x00000000d5e00000)
  from space 512K, 68% used [0x00000000d6300000,0x00000000d6358000,0x00000000d6380000)
  to   space 512K, 0% used [0x00000000d6380000,0x00000000d6380000,0x00000000d6400000)
 ParOldGen       total 777728K, used 777662K [0x0000000080000000, 0x00000000af780000, 0x00000000d5580000)
  object space 777728K, 99% used [0x0000000080000000,0x00000000af76fb38,0x00000000af780000)
 Metaspace       used 75237K, committed 76800K, reserved 1179648K
  class space    used 8107K, committed 8768K, reserved 1048576K
}
Event: 248.261 GC heap after
{Heap after GC invocations=847 (full 3):
 PSYoungGen      total 9216K, used 480K [0x00000000d5580000, 0x00000000d6600000, 0x0000000100000000)
  eden space 8704K, 0% used [0x00000000d5580000,0x00000000d5580000,0x00000000d5e00000)
  from space 512K, 93% used [0x00000000d6380000,0x00000000d63f8020,0x00000000d6400000)
  to   space 4096K, 0% used [0x00000000d5e00000,0x00000000d5e00000,0x00000000d6200000)
 ParOldGen       total 780800K, used 780311K [0x0000000080000000, 0x00000000afa80000, 0x00000000d5580000)
  object space 780800K, 99% used [0x0000000080000000,0x00000000afa05d50,0x00000000afa80000)
 Metaspace       used 75237K, committed 76800K, reserved 1179648K
  class space    used 8107K, committed 8768K, reserved 1048576K
}
Event: 248.612 GC heap before
{Heap before GC invocations=848 (full 3):
 PSYoungGen      total 9216K, used 9133K [0x00000000d5580000, 0x00000000d6600000, 0x0000000100000000)
  eden space 8704K, 99% used [0x00000000d5580000,0x00000000d5df36a0,0x00000000d5e00000)
  from space 512K, 93% used [0x00000000d6380000,0x00000000d63f8020,0x00000000d6400000)
  to   space 4096K, 0% used [0x00000000d5e00000,0x00000000d5e00000,0x00000000d6200000)
 ParOldGen       total 780800K, used 780311K [0x0000000080000000, 0x00000000afa80000, 0x00000000d5580000)
  object space 780800K, 99% used [0x0000000080000000,0x00000000afa05d50,0x00000000afa80000)
 Metaspace       used 75428K, committed 76928K, reserved 1179648K
  class space    used 8119K, committed 8768K, reserved 1048576K
}
Event: 248.615 GC heap after
{Heap after GC invocations=848 (full 3):
 PSYoungGen      total 12800K, used 1223K [0x00000000d5580000, 0x00000000d6400000, 0x0000000100000000)
  eden space 8704K, 0% used [0x00000000d5580000,0x00000000d5580000,0x00000000d5e00000)
  from space 4096K, 29% used [0x00000000d5e00000,0x00000000d5f31de0,0x00000000d6200000)
  to   space 2048K, 0% used [0x00000000d6200000,0x00000000d6200000,0x00000000d6400000)
 ParOldGen       total 780800K, used 780787K [0x0000000080000000, 0x00000000afa80000, 0x00000000d5580000)
  object space 780800K, 99% used [0x0000000080000000,0x00000000afa7ce28,0x00000000afa80000)
 Metaspace       used 75428K, committed 76928K, reserved 1179648K
  class space    used 8119K, committed 8768K, reserved 1048576K
}
Event: 254.708 GC heap before
{Heap before GC invocations=849 (full 3):
 PSYoungGen      total 12800K, used 9927K [0x00000000d5580000, 0x00000000d6400000, 0x0000000100000000)
  eden space 8704K, 100% used [0x00000000d5580000,0x00000000d5e00000,0x00000000d5e00000)
  from space 4096K, 29% used [0x00000000d5e00000,0x00000000d5f31de0,0x00000000d6200000)
  to   space 2048K, 0% used [0x00000000d6200000,0x00000000d6200000,0x00000000d6400000)
 ParOldGen       total 780800K, used 780787K [0x0000000080000000, 0x00000000afa80000, 0x00000000d5580000)
  object space 780800K, 99% used [0x0000000080000000,0x00000000afa7ce28,0x00000000afa80000)
 Metaspace       used 76425K, committed 77952K, reserved 1179648K
  class space    used 8279K, committed 8896K, reserved 1048576K
}
Event: 254.713 GC heap after
{Heap after GC invocations=849 (full 3):
 PSYoungGen      total 9216K, used 352K [0x00000000d5580000, 0x00000000d6280000, 0x0000000100000000)
  eden space 8704K, 0% used [0x00000000d5580000,0x00000000d5580000,0x00000000d5e00000)
  from space 512K, 68% used [0x00000000d6200000,0x00000000d6258000,0x00000000d6280000)
  to   space 1024K, 0% used [0x00000000d6080000,0x00000000d6080000,0x00000000d6180000)
 ParOldGen       total 782336K, used 781926K [0x0000000080000000, 0x00000000afc00000, 0x00000000d5580000)
  object space 782336K, 99% used [0x0000000080000000,0x00000000afb99b58,0x00000000afc00000)
 Metaspace       used 76425K, committed 77952K, reserved 1179648K
  class space    used 8279K, committed 8896K, reserved 1048576K
}
Event: 4527.304 GC heap before
{Heap before GC invocations=850 (full 3):
 PSYoungGen      total 9216K, used 9053K [0x00000000d5580000, 0x00000000d6280000, 0x0000000100000000)
  eden space 8704K, 99% used [0x00000000d5580000,0x00000000d5dff6c0,0x00000000d5e00000)
  from space 512K, 68% used [0x00000000d6200000,0x00000000d6258000,0x00000000d6280000)
  to   space 1024K, 0% used [0x00000000d6080000,0x00000000d6080000,0x00000000d6180000)
 ParOldGen       total 782336K, used 781926K [0x0000000080000000, 0x00000000afc00000, 0x00000000d5580000)
  object space 782336K, 99% used [0x0000000080000000,0x00000000afb99b58,0x00000000afc00000)
 Metaspace       used 76796K, committed 78272K, reserved 1179648K
  class space    used 8303K, committed 8896K, reserved 1048576K
}
Event: 4527.822 GC heap after
{Heap after GC invocations=850 (full 3):
 PSYoungGen      total 9728K, used 288K [0x00000000d5580000, 0x00000000d6280000, 0x0000000100000000)
  eden space 8704K, 0% used [0x00000000d5580000,0x00000000d5580000,0x00000000d5e00000)
  from space 1024K, 28% used [0x00000000d6080000,0x00000000d60c8020,0x00000000d6180000)
  to   space 512K, 0% used [0x00000000d6200000,0x00000000d6200000,0x00000000d6280000)
 ParOldGen       total 782336K, used 782187K [0x0000000080000000, 0x00000000afc00000, 0x00000000d5580000)
  object space 782336K, 99% used [0x0000000080000000,0x00000000afbdadd8,0x00000000afc00000)
 Metaspace       used 76796K, committed 78272K, reserved 1179648K
  class space    used 8303K, committed 8896K, reserved 1048576K
}

