# JRE version: OpenJDK Runtime Environment Temurin-17.0.5+8 (17.0.5+8) (build 17.0.5+8)
# Java VM: OpenJDK 64-Bit Server VM Temurin-17.0.5+8 (17.0.5+8, mixed mode, tiered, compressed oops, compressed class ptrs, parallel gc, linux-amd64)
GC Precious Log:
 CPUs: 4 total, 4 available
 Memory: 19878M
 Large Page Support: Disabled
 NUMA Support: Disabled
 Compressed Oops: Enabled (32-bit)
 Alignments: Space 512K, Generation 512K, Heap 2M
 Heap Min Capacity: 100M
 Heap Initial Capacity: 100M
 Heap Max Capacity: 1G
 Pre-touch: Disabled
 Parallel Workers: 4
Heap:
 PSYoungGen      total 3072K, used 1120K [0x00000000eab00000, 0x00000000eb100000, 0x0000000100000000)
  eden space 1536K, 0% used [0x00000000eab00000,0x00000000eab00000,0x00000000eac80000)
  from space 1536K, 72% used [0x00000000eac80000,0x00000000ead98000,0x00000000eae00000)
  to   space 2048K, 0% used [0x00000000eaf00000,0x00000000eaf00000,0x00000000eb100000)
 ParOldGen       total 137728K, used 137405K [0x00000000c0000000, 0x00000000c8680000, 0x00000000eab00000)
  object space 137728K, 99% used [0x00000000c0000000,0x00000000c862f500,0x00000000c8680000)
 Metaspace       used 90809K, committed 91968K, reserved 1138688K
  class space    used 9355K, committed 9856K, reserved 1048576K
GC Heap History (20 events):
Event: 1702,781 GC heap after
{Heap after GC invocations=2459 (full 45):
 PSYoungGen      total 2560K, used 149K [0x00000000eab00000, 0x00000000eae80000, 0x0000000100000000)
  eden space 2048K, 0% used [0x00000000eab00000,0x00000000eab00000,0x00000000ead00000)
  from space 512K, 29% used [0x00000000eae00000,0x00000000eae25738,0x00000000eae80000)
  to   space 512K, 0% used [0x00000000ead80000,0x00000000ead80000,0x00000000eae00000)
 ParOldGen       total 136192K, used 131333K [0x00000000c0000000, 0x00000000c8500000, 0x00000000eab00000)
  object space 136192K, 96% used [0x00000000c0000000,0x00000000c8041728,0x00000000c8500000)
 Metaspace       used 90808K, committed 91968K, reserved 1138688K
  class space    used 9355K, committed 9856K, reserved 1048576K
}
Event: 1702,787 GC heap before
{Heap before GC invocations=2460 (full 45):
 PSYoungGen      total 2560K, used 2197K [0x00000000eab00000, 0x00000000eae80000, 0x0000000100000000)
  eden space 2048K, 100% used [0x00000000eab00000,0x00000000ead00000,0x00000000ead00000)
  from space 512K, 29% used [0x00000000eae00000,0x00000000eae25738,0x00000000eae80000)
  to   space 512K, 0% used [0x00000000ead80000,0x00000000ead80000,0x00000000eae00000)
 ParOldGen       total 136192K, used 131333K [0x00000000c0000000, 0x00000000c8500000, 0x00000000eab00000)
  object space 136192K, 96% used [0x00000000c0000000,0x00000000c8041728,0x00000000c8500000)
 Metaspace       used 90808K, committed 91968K, reserved 1138688K
  class space    used 9355K, committed 9856K, reserved 1048576K
}
Event: 1702,788 GC heap after
{Heap after GC invocations=2460 (full 45):
 PSYoungGen      total 2560K, used 149K [0x00000000eab00000, 0x00000000eae80000, 0x0000000100000000)
  eden space 2048K, 0% used [0x00000000eab00000,0x00000000eab00000,0x00000000ead00000)
  from space 512K, 29% used [0x00000000ead80000,0x00000000eada5738,0x00000000eae00000)
  to   space 512K, 0% used [0x00000000eae00000,0x00000000eae00000,0x00000000eae80000)
 ParOldGen       total 136192K, used 131333K [0x00000000c0000000, 0x00000000c8500000, 0x00000000eab00000)
  object space 136192K, 96% used [0x00000000c0000000,0x00000000c8041728,0x00000000c8500000)
 Metaspace       used 90808K, committed 91968K, reserved 1138688K
  class space    used 9355K, committed 9856K, reserved 1048576K
}
Event: 1702,796 GC heap before
{Heap before GC invocations=2461 (full 45):
 PSYoungGen      total 2560K, used 2197K [0x00000000eab00000, 0x00000000eae80000, 0x0000000100000000)
  eden space 2048K, 100% used [0x00000000eab00000,0x00000000ead00000,0x00000000ead00000)
  from space 512K, 29% used [0x00000000ead80000,0x00000000eada5738,0x00000000eae00000)
  to   space 512K, 0% used [0x00000000eae00000,0x00000000eae00000,0x00000000eae80000)
 ParOldGen       total 136192K, used 131333K [0x00000000c0000000, 0x00000000c8500000, 0x00000000eab00000)
  object space 136192K, 96% used [0x00000000c0000000,0x00000000c8041728,0x00000000c8500000)
 Metaspace       used 90808K, committed 91968K, reserved 1138688K
  class space    used 9355K, committed 9856K, reserved 1048576K
}
Event: 1702,797 GC heap after
{Heap after GC invocations=2461 (full 45):
 PSYoungGen      total 2560K, used 128K [0x00000000eab00000, 0x00000000eae80000, 0x0000000100000000)
  eden space 2048K, 0% used [0x00000000eab00000,0x00000000eab00000,0x00000000ead00000)
  from space 512K, 25% used [0x00000000eae00000,0x00000000eae20000,0x00000000eae80000)
  to   space 512K, 0% used [0x00000000ead80000,0x00000000ead80000,0x00000000eae00000)
 ParOldGen       total 136192K, used 131333K [0x00000000c0000000, 0x00000000c8500000, 0x00000000eab00000)
  object space 136192K, 96% used [0x00000000c0000000,0x00000000c8041728,0x00000000c8500000)
 Metaspace       used 90808K, committed 91968K, reserved 1138688K
  class space    used 9355K, committed 9856K, reserved 1048576K
}
Event: 1702,802 GC heap before
{Heap before GC invocations=2462 (full 45):
 PSYoungGen      total 2560K, used 2176K [0x00000000eab00000, 0x00000000eae80000, 0x0000000100000000)
  eden space 2048K, 100% used [0x00000000eab00000,0x00000000ead00000,0x00000000ead00000)
  from space 512K, 25% used [0x00000000eae00000,0x00000000eae20000,0x00000000eae80000)
  to   space 512K, 0% used [0x00000000ead80000,0x00000000ead80000,0x00000000eae00000)
 ParOldGen       total 136192K, used 131333K [0x00000000c0000000, 0x00000000c8500000, 0x00000000eab00000)
  object space 136192K, 96% used [0x00000000c0000000,0x00000000c8041728,0x00000000c8500000)
 Metaspace       used 90808K, committed 91968K, reserved 1138688K
  class space    used 9355K, committed 9856K, reserved 1048576K
}
Event: 1702,803 GC heap after
{Heap after GC invocations=2462 (full 45):
 PSYoungGen      total 2560K, used 235K [0x00000000eab00000, 0x00000000eae80000, 0x0000000100000000)
  eden space 2048K, 0% used [0x00000000eab00000,0x00000000eab00000,0x00000000ead00000)
  from space 512K, 46% used [0x00000000ead80000,0x00000000eadbae70,0x00000000eae00000)
  to   space 512K, 0% used [0x00000000eae00000,0x00000000eae00000,0x00000000eae80000)
 ParOldGen       total 136192K, used 131365K [0x00000000c0000000, 0x00000000c8500000, 0x00000000eab00000)
  object space 136192K, 96% used [0x00000000c0000000,0x00000000c8049728,0x00000000c8500000)
 Metaspace       used 90808K, committed 91968K, reserved 1138688K
  class space    used 9355K, committed 9856K, reserved 1048576K
}
Event: 1702,807 GC heap before
{Heap before GC invocations=2463 (full 45):
 PSYoungGen      total 2560K, used 2283K [0x00000000eab00000, 0x00000000eae80000, 0x0000000100000000)
  eden space 2048K, 100% used [0x00000000eab00000,0x00000000ead00000,0x00000000ead00000)
  from space 512K, 46% used [0x00000000ead80000,0x00000000eadbae70,0x00000000eae00000)
  to   space 512K, 0% used [0x00000000eae00000,0x00000000eae00000,0x00000000eae80000)
 ParOldGen       total 136192K, used 131365K [0x00000000c0000000, 0x00000000c8500000, 0x00000000eab00000)
  object space 136192K, 96% used [0x00000000c0000000,0x00000000c8049728,0x00000000c8500000)
 Metaspace       used 90809K, committed 91968K, reserved 1138688K
  class space    used 9355K, committed 9856K, reserved 1048576K
}
Event: 1702,809 GC heap after
{Heap after GC invocations=2463 (full 45):
 PSYoungGen      total 2560K, used 501K [0x00000000eab00000, 0x00000000eaf00000, 0x0000000100000000)
  eden space 2048K, 0% used [0x00000000eab00000,0x00000000eab00000,0x00000000ead00000)
  from space 512K, 98% used [0x00000000eae00000,0x00000000eae7d7c0,0x00000000eae80000)
  to   space 1024K, 0% used [0x00000000ead00000,0x00000000ead00000,0x00000000eae00000)
 ParOldGen       total 136192K, used 131681K [0x00000000c0000000, 0x00000000c8500000, 0x00000000eab00000)
  object space 136192K, 96% used [0x00000000c0000000,0x00000000c8098748,0x00000000c8500000)
 Metaspace       used 90809K, committed 91968K, reserved 1138688K
  class space    used 9355K, committed 9856K, reserved 1048576K
}
Event: 1702,813 GC heap before
{Heap before GC invocations=2464 (full 45):
 PSYoungGen      total 2560K, used 2549K [0x00000000eab00000, 0x00000000eaf00000, 0x0000000100000000)
  eden space 2048K, 100% used [0x00000000eab00000,0x00000000ead00000,0x00000000ead00000)
  from space 512K, 98% used [0x00000000eae00000,0x00000000eae7d7c0,0x00000000eae80000)
  to   space 1024K, 0% used [0x00000000ead00000,0x00000000ead00000,0x00000000eae00000)
 ParOldGen       total 136192K, used 131681K [0x00000000c0000000, 0x00000000c8500000, 0x00000000eab00000)
  object space 136192K, 96% used [0x00000000c0000000,0x00000000c8098748,0x00000000c8500000)
 Metaspace       used 90809K, committed 91968K, reserved 1138688K
  class space    used 9355K, committed 9856K, reserved 1048576K
}
Event: 1702,815 GC heap after
{Heap after GC invocations=2464 (full 45):
 PSYoungGen      total 3072K, used 800K [0x00000000eab00000, 0x00000000eaf80000, 0x0000000100000000)
  eden space 2048K, 0% used [0x00000000eab00000,0x00000000eab00000,0x00000000ead00000)
  from space 1024K, 78% used [0x00000000ead00000,0x00000000eadc8020,0x00000000eae00000)
  to   space 1024K, 0% used [0x00000000eae80000,0x00000000eae80000,0x00000000eaf80000)
 ParOldGen       total 136192K, used 132155K [0x00000000c0000000, 0x00000000c8500000, 0x00000000eab00000)
  object space 136192K, 97% used [0x00000000c0000000,0x00000000c810ef48,0x00000000c8500000)
 Metaspace       used 90809K, committed 91968K, reserved 1138688K
  class space    used 9355K, committed 9856K, reserved 1048576K
}
Event: 1702,820 GC heap before
{Heap before GC invocations=2465 (full 45):
 PSYoungGen      total 3072K, used 2848K [0x00000000eab00000, 0x00000000eaf80000, 0x0000000100000000)
  eden space 2048K, 100% used [0x00000000eab00000,0x00000000ead00000,0x00000000ead00000)
  from space 1024K, 78% used [0x00000000ead00000,0x00000000eadc8020,0x00000000eae00000)
  to   space 1024K, 0% used [0x00000000eae80000,0x00000000eae80000,0x00000000eaf80000)
 ParOldGen       total 136192K, used 132155K [0x00000000c0000000, 0x00000000c8500000, 0x00000000eab00000)
  object space 136192K, 97% used [0x00000000c0000000,0x00000000c810ef48,0x00000000c8500000)
 Metaspace       used 90809K, committed 91968K, reserved 1138688K
  class space    used 9355K, committed 9856K, reserved 1048576K
}
Event: 1702,822 GC heap after
{Heap after GC invocations=2465 (full 45):
 PSYoungGen      total 3584K, used 602K [0x00000000eab00000, 0x00000000eaf80000, 0x0000000100000000)
  eden space 2560K, 0% used [0x00000000eab00000,0x00000000eab00000,0x00000000ead80000)
  from space 1024K, 58% used [0x00000000eae80000,0x00000000eaf16818,0x00000000eaf80000)
  to   space 1024K, 0% used [0x00000000ead80000,0x00000000ead80000,0x00000000eae80000)
 ParOldGen       total 136192K, used 132883K [0x00000000c0000000, 0x00000000c8500000, 0x00000000eab00000)
  object space 136192K, 97% used [0x00000000c0000000,0x00000000c81c4f68,0x00000000c8500000)
 Metaspace       used 90809K, committed 91968K, reserved 1138688K
  class space    used 9355K, committed 9856K, reserved 1048576K
}
Event: 1702,826 GC heap before
{Heap before GC invocations=2466 (full 45):
 PSYoungGen      total 3584K, used 3162K [0x00000000eab00000, 0x00000000eaf80000, 0x0000000100000000)
  eden space 2560K, 100% used [0x00000000eab00000,0x00000000ead80000,0x00000000ead80000)
  from space 1024K, 58% used [0x00000000eae80000,0x00000000eaf16818,0x00000000eaf80000)
  to   space 1024K, 0% used [0x00000000ead80000,0x00000000ead80000,0x00000000eae80000)
 ParOldGen       total 136192K, used 132883K [0x00000000c0000000, 0x00000000c8500000, 0x00000000eab00000)
  object space 136192K, 97% used [0x00000000c0000000,0x00000000c81c4f68,0x00000000c8500000)
 Metaspace       used 90809K, committed 91968K, reserved 1138688K
  class space    used 9355K, committed 9856K, reserved 1048576K
}
Event: 1702,828 GC heap after
{Heap after GC invocations=2466 (full 45):
 PSYoungGen      total 3584K, used 993K [0x00000000eab00000, 0x00000000eb300000, 0x0000000100000000)
  eden space 2560K, 0% used [0x00000000eab00000,0x00000000eab00000,0x00000000ead80000)
  from space 1024K, 97% used [0x00000000ead80000,0x00000000eae78690,0x00000000eae80000)
  to   space 2560K, 0% used [0x00000000eb080000,0x00000000eb080000,0x00000000eb300000)
 ParOldGen       total 136192K, used 133825K [0x00000000c0000000, 0x00000000c8500000, 0x00000000eab00000)
  object space 136192K, 98% used [0x00000000c0000000,0x00000000c82b0570,0x00000000c8500000)
 Metaspace       used 90809K, committed 91968K, reserved 1138688K
  class space    used 9355K, committed 9856K, reserved 1048576K
}
Event: 1702,831 GC heap before
{Heap before GC invocations=2467 (full 45):
 PSYoungGen      total 3584K, used 3553K [0x00000000eab00000, 0x00000000eb300000, 0x0000000100000000)
  eden space 2560K, 100% used [0x00000000eab00000,0x00000000ead80000,0x00000000ead80000)
  from space 1024K, 97% used [0x00000000ead80000,0x00000000eae78690,0x00000000eae80000)
  to   space 2560K, 0% used [0x00000000eb080000,0x00000000eb080000,0x00000000eb300000)
 ParOldGen       total 136192K, used 133825K [0x00000000c0000000, 0x00000000c8500000, 0x00000000eab00000)
  object space 136192K, 98% used [0x00000000c0000000,0x00000000c82b0570,0x00000000c8500000)
 Metaspace       used 90809K, committed 91968K, reserved 1138688K
  class space    used 9355K, committed 9856K, reserved 1048576K
}
Event: 1702,834 GC heap after
{Heap after GC invocations=2467 (full 45):
 PSYoungGen      total 4096K, used 2560K [0x00000000eab00000, 0x00000000eb600000, 0x0000000100000000)
  eden space 1536K, 0% used [0x00000000eab00000,0x00000000eab00000,0x00000000eac80000)
  from space 2560K, 100% used [0x00000000eb080000,0x00000000eb300000,0x00000000eb300000)
  to   space 4096K, 0% used [0x00000000eac80000,0x00000000eac80000,0x00000000eb080000)
 ParOldGen       total 136192K, used 134845K [0x00000000c0000000, 0x00000000c8500000, 0x00000000eab00000)
  object space 136192K, 99% used [0x00000000c0000000,0x00000000c83af500,0x00000000c8500000)
 Metaspace       used 90809K, committed 91968K, reserved 1138688K
  class space    used 9355K, committed 9856K, reserved 1048576K
}
Event: 1702,836 GC heap before
{Heap before GC invocations=2468 (full 45):
 PSYoungGen      total 4096K, used 4096K [0x00000000eab00000, 0x00000000eb600000, 0x0000000100000000)
  eden space 1536K, 100% used [0x00000000eab00000,0x00000000eac80000,0x00000000eac80000)
  from space 2560K, 100% used [0x00000000eb080000,0x00000000eb300000,0x00000000eb300000)
  to   space 4096K, 0% used [0x00000000eac80000,0x00000000eac80000,0x00000000eb080000)
 ParOldGen       total 136192K, used 134845K [0x00000000c0000000, 0x00000000c8500000, 0x00000000eab00000)
  object space 136192K, 99% used [0x00000000c0000000,0x00000000c83af500,0x00000000c8500000)
 Metaspace       used 90809K, committed 91968K, reserved 1138688K
  class space    used 9355K, committed 9856K, reserved 1048576K
}
Event: 1702,839 GC heap after
{Heap after GC invocations=2468 (full 45):
 PSYoungGen      total 3072K, used 1120K [0x00000000eab00000, 0x00000000eb100000, 0x0000000100000000)
  eden space 1536K, 0% used [0x00000000eab00000,0x00000000eab00000,0x00000000eac80000)
  from space 1536K, 72% used [0x00000000eac80000,0x00000000ead98000,0x00000000eae00000)
  to   space 2048K, 0% used [0x00000000eaf00000,0x00000000eaf00000,0x00000000eb100000)
 ParOldGen       total 137728K, used 137405K [0x00000000c0000000, 0x00000000c8680000, 0x00000000eab00000)
  object space 137728K, 99% used [0x00000000c0000000,0x00000000c862f500,0x00000000c8680000)
 Metaspace       used 90809K, committed 91968K, reserved 1138688K
  class space    used 9355K, committed 9856K, reserved 1048576K
}
Event: 1702,839 GC heap before
{Heap before GC invocations=2469 (full 46):
 PSYoungGen      total 3072K, used 1120K [0x00000000eab00000, 0x00000000eb100000, 0x0000000100000000)
  eden space 1536K, 0% used [0x00000000eab00000,0x00000000eab00000,0x00000000eac80000)
  from space 1536K, 72% used [0x00000000eac80000,0x00000000ead98000,0x00000000eae00000)
  to   space 2048K, 0% used [0x00000000eaf00000,0x00000000eaf00000,0x00000000eb100000)
 ParOldGen       total 137728K, used 137405K [0x00000000c0000000, 0x00000000c8680000, 0x00000000eab00000)
  object space 137728K, 99% used [0x00000000c0000000,0x00000000c862f500,0x00000000c8680000)
 Metaspace       used 90809K, committed 91968K, reserved 1138688K
  class space    used 9355K, committed 9856K, reserved 1048576K
}

